TN:
SF:server.js
FN:14,(anonymous_0)
FN:18,(anonymous_1)
FN:24,start
FN:25,(anonymous_3)
FNF:4
FNH:2
FNDA:1,(anonymous_0)
FNDA:1,(anonymous_1)
FNDA:0,start
FNDA:0,(anonymous_3)
DA:3,1
DA:4,1
DA:5,1
DA:7,1
DA:9,1
DA:11,1
DA:12,1
DA:14,1
DA:15,1
DA:18,1
DA:19,1
DA:22,1
DA:25,0
DA:28,1
LF:14
LH:13
BRF:0
BRH:0
end_of_record
TN:
SF:error-handlers/500.js
FN:3,(anonymous_0)
FNF:1
FNH:0
FNDA:0,(anonymous_0)
DA:3,1
DA:4,0
LF:2
LH:1
BRF:0
BRH:0
end_of_record
TN:
SF:middleware/validate-number.js
FN:3,square
FN:4,(anonymous_1)
FNF:2
FNH:2
FNDA:1,square
FNDA:1,(anonymous_1)
DA:4,1
DA:5,1
DA:7,1
DA:8,1
DA:10,0
DA:14,1
LF:6
LH:5
BRDA:5,0,0,1
BRDA:5,0,1,0
BRF:2
BRH:1
end_of_record
